<?xml version="1.0" encoding="UTF-8"?>
<!-- Generated by org.testng.reporters.JUnitXMLReporter -->
<testsuite hostname="qlap1659" name="Default test" tests="3" failures="0" timestamp="23 Jan 2018 14:34:01 GMT" time="23.863" errors="0">
  <testcase name="verifyPollCreated" time="3.519" classname="commonfloor.newsfeed.NewsFeedPageTest"/>
  <testcase name="verifyStartDiscussion" time="3.466" classname="commonfloor.newsfeed.NewsFeedPageTest"/>
  <testcase name="verifyWidget" time="0.281" classname="commonfloor.newsfeed.NewsFeedPageTest"/>
</testsuite> <!-- Default test -->
