<?xml version="1.0" encoding="UTF-8"?>
<testng-results skipped="0" failed="0" total="3" passed="3">
  <reporter-output>
  </reporter-output>
  <suite name="Default suite" duration-ms="23863" started-at="2018-01-23T14:33:37Z" finished-at="2018-01-23T14:34:01Z">
    <groups>
    </groups>
    <test name="Default test" duration-ms="23863" started-at="2018-01-23T14:33:37Z" finished-at="2018-01-23T14:34:01Z">
      <class name="commonfloor.newsfeed.NewsFeedPageTest">
        <test-method status="PASS" signature="setup()[pri:0, instance:commonfloor.newsfeed.NewsFeedPageTest@100fc185]" name="setup" is-config="true" duration-ms="16506" started-at="2018-01-23T20:03:37Z" finished-at="2018-01-23T20:03:54Z">
          <reporter-output>
          </reporter-output>
        </test-method> <!-- setup -->
        <test-method status="PASS" signature="verifyPollCreated()[pri:0, instance:commonfloor.newsfeed.NewsFeedPageTest@100fc185]" name="verifyPollCreated" duration-ms="3519" started-at="2018-01-23T20:03:54Z" finished-at="2018-01-23T20:03:57Z">
          <reporter-output>
          </reporter-output>
        </test-method> <!-- verifyPollCreated -->
        <test-method status="PASS" signature="verifyStartDiscussion()[pri:0, instance:commonfloor.newsfeed.NewsFeedPageTest@100fc185]" name="verifyStartDiscussion" duration-ms="3466" started-at="2018-01-23T20:03:57Z" finished-at="2018-01-23T20:04:01Z">
          <reporter-output>
          </reporter-output>
        </test-method> <!-- verifyStartDiscussion -->
        <test-method status="PASS" signature="verifyWidget()[pri:0, instance:commonfloor.newsfeed.NewsFeedPageTest@100fc185]" name="verifyWidget" duration-ms="281" started-at="2018-01-23T20:04:01Z" finished-at="2018-01-23T20:04:01Z">
          <reporter-output>
          </reporter-output>
        </test-method> <!-- verifyWidget -->
        <test-method status="PASS" signature="cleanup()[pri:0, instance:commonfloor.newsfeed.NewsFeedPageTest@100fc185]" name="cleanup" is-config="true" duration-ms="76" started-at="2018-01-23T20:04:01Z" finished-at="2018-01-23T20:04:01Z">
          <reporter-output>
          </reporter-output>
        </test-method> <!-- cleanup -->
      </class> <!-- commonfloor.newsfeed.NewsFeedPageTest -->
    </test> <!-- Default test -->
  </suite> <!-- Default suite -->
</testng-results>
